<?xml version="1.0" encoding="UTF-8"?>
<robot generator="Robot 7.0.1 (Python 3.12.4 on win32)" generated="2024-07-12T00:26:02.009986" rpa="false" schemaversion="5">
<suite id="s1" name="QA Quiz2" source="C:\Users\Poland\Downloads\Examination BluePi_Naratip\QA_Quiz2">
<suite id="s1-s1" name="Testsuite" source="C:\Users\Poland\Downloads\Examination BluePi_Naratip\QA_Quiz2\Testsuite">
<suite id="s1-s1-s1" name="Quiz2 TodoList Testcases" source="C:\Users\Poland\Downloads\Examination BluePi_Naratip\QA_Quiz2\Testsuite\Quiz2_TodoList_Testcases.robot">
<test id="s1-s1-s1-t1" name="TC_Create_2_Tasks_Success" line="17">
<kw name="Open Web Browser" owner="TodoListTestStep" type="SETUP">
<kw name="Open Browser" owner="SeleniumLibrary">
<msg time="2024-07-12T00:26:02.153286" level="INFO">Opening browser 'chrome' to base url 'https://abhigyank.github.io/To-Do-List/'.</msg>
<arg>url=${URL}</arg>
<arg>browser=chrome</arg>
<doc>Opens a new browser instance to the optional ``url``.</doc>
<status status="PASS" start="2024-07-12T00:26:02.152785" elapsed="1.708337"/>
</kw>
<kw name="Maximize Browser Window" owner="SeleniumLibrary">
<doc>Maximizes current browser window.</doc>
<status status="PASS" start="2024-07-12T00:26:03.861623" elapsed="0.030054"/>
</kw>
<arg>${URL_WEB_TESTING}</arg>
<doc>Open Browser following URL</doc>
<status status="PASS" start="2024-07-12T00:26:02.152285" elapsed="1.739392"/>
</kw>
<variable name="@{expectedList}">
<var>${TASK1}</var>
<var>${TASK2}</var>
<status status="PASS" start="2024-07-12T00:26:03.892176" elapsed="0.000000"/>
</variable>
<variable name="@{expectedDoneList}">
<var>${TASK1}</var>
<var>${TASK2}</var>
<status status="PASS" start="2024-07-12T00:26:03.892676" elapsed="0.000000"/>
</variable>
<kw name="Create Item" owner="TodoListTestStep">
<for flavor="IN">
<iter>
<kw name="Input ItemName" owner="TodoListComponent">
<kw name="Wait Until Element Is Enabled" owner="SeleniumLibrary">
<arg>locator=//input[@id="new-task"]</arg>
<doc>Waits until the element ``locator`` is enabled.</doc>
<status status="PASS" start="2024-07-12T00:26:03.893676" elapsed="0.015508"/>
</kw>
<kw name="Input Text" owner="SeleniumLibrary">
<msg time="2024-07-12T00:26:03.909684" level="INFO">Typing text 'Register' into text field '//input[@id="new-task"]'.</msg>
<arg>locator=//input[@id="new-task"]</arg>
<arg>text=${Name}</arg>
<doc>Types the given ``text`` into the text field identified by ``locator``.</doc>
<status status="PASS" start="2024-07-12T00:26:03.909184" elapsed="0.064256"/>
</kw>
<arg>${taskName}</arg>
<doc>Input to textfield 'ItemName'</doc>
<status status="PASS" start="2024-07-12T00:26:03.893676" elapsed="0.079764"/>
</kw>
<kw name="Click Button Create Item" owner="TodoListComponent">
<kw name="Wait Until Element Is Enabled" owner="SeleniumLibrary">
<arg>locator=//button[@data-upgraded=",MaterialButton"]</arg>
<doc>Waits until the element ``locator`` is enabled.</doc>
<status status="PASS" start="2024-07-12T00:26:03.973940" elapsed="0.015505"/>
</kw>
<kw name="Click Button" owner="SeleniumLibrary">
<msg time="2024-07-12T00:26:03.989944" level="INFO">Clicking button '//button[@data-upgraded=",MaterialButton"]'.</msg>
<arg>locator=//button[@data-upgraded=",MaterialButton"]</arg>
<doc>Clicks the button identified by ``locator``.</doc>
<status status="PASS" start="2024-07-12T00:26:03.989445" elapsed="0.035508"/>
</kw>
<doc>Click Button for Add item to 'To Do List'</doc>
<status status="PASS" start="2024-07-12T00:26:03.973440" elapsed="0.051513"/>
</kw>
<var name="${taskName}">Register</var>
<status status="PASS" start="2024-07-12T00:26:03.893176" elapsed="0.131777"/>
</iter>
<iter>
<kw name="Input ItemName" owner="TodoListComponent">
<kw name="Wait Until Element Is Enabled" owner="SeleniumLibrary">
<arg>locator=//input[@id="new-task"]</arg>
<doc>Waits until the element ``locator`` is enabled.</doc>
<status status="PASS" start="2024-07-12T00:26:04.025953" elapsed="0.009000"/>
</kw>
<kw name="Input Text" owner="SeleniumLibrary">
<msg time="2024-07-12T00:26:04.035954" level="INFO">Typing text 'Login' into text field '//input[@id="new-task"]'.</msg>
<arg>locator=//input[@id="new-task"]</arg>
<arg>text=${Name}</arg>
<doc>Types the given ``text`` into the text field identified by ``locator``.</doc>
<status status="PASS" start="2024-07-12T00:26:04.035454" elapsed="0.045499"/>
</kw>
<arg>${taskName}</arg>
<doc>Input to textfield 'ItemName'</doc>
<status status="PASS" start="2024-07-12T00:26:04.025453" elapsed="0.055500"/>
</kw>
<kw name="Click Button Create Item" owner="TodoListComponent">
<kw name="Wait Until Element Is Enabled" owner="SeleniumLibrary">
<arg>locator=//button[@data-upgraded=",MaterialButton"]</arg>
<doc>Waits until the element ``locator`` is enabled.</doc>
<status status="PASS" start="2024-07-12T00:26:04.081453" elapsed="0.011003"/>
</kw>
<kw name="Click Button" owner="SeleniumLibrary">
<msg time="2024-07-12T00:26:04.092959" level="INFO">Clicking button '//button[@data-upgraded=",MaterialButton"]'.</msg>
<arg>locator=//button[@data-upgraded=",MaterialButton"]</arg>
<doc>Clicks the button identified by ``locator``.</doc>
<status status="PASS" start="2024-07-12T00:26:04.092959" elapsed="0.029007"/>
</kw>
<doc>Click Button for Add item to 'To Do List'</doc>
<status status="PASS" start="2024-07-12T00:26:04.080953" elapsed="0.041013"/>
</kw>
<var name="${taskName}">Login</var>
<status status="PASS" start="2024-07-12T00:26:04.025453" elapsed="0.096513"/>
</iter>
<var>${taskName}</var>
<value>@{itemList}</value>
<status status="PASS" start="2024-07-12T00:26:03.893176" elapsed="0.229290"/>
</for>
<arg>itemList=${expectedList}</arg>
<doc>Add task to TO DO LIST</doc>
<status status="PASS" start="2024-07-12T00:26:03.892676" elapsed="0.229790"/>
</kw>
<kw name="Switch Tab" owner="TodoListTestStep">
<if>
<branch type="IF" condition="'${Name}'=='ADD_ITEM'">
<kw name="Click Element" owner="SeleniumLibrary">
<arg>//a[@href="#add-item"]//span[@data-upgraded=",MaterialRipple"]</arg>
<doc>Click the element identified by ``locator``.</doc>
<status status="NOT RUN" start="2024-07-12T00:26:04.123467" elapsed="0.000000"/>
</kw>
<status status="NOT RUN" start="2024-07-12T00:26:04.122966" elapsed="0.000501"/>
</branch>
<branch type="ELSE IF" condition="'${Name}'=='TO_DO_TASKS'">
<kw name="Click Element" owner="SeleniumLibrary">
<msg time="2024-07-12T00:26:04.123967" level="INFO">Clicking element '//a[@href="#todo"]//span[@data-upgraded=",MaterialRipple"]'.</msg>
<arg>//a[@href="#todo"]//span[@data-upgraded=",MaterialRipple"]</arg>
<doc>Click the element identified by ``locator``.</doc>
<status status="PASS" start="2024-07-12T00:26:04.123967" elapsed="0.023999"/>
</kw>
<status status="PASS" start="2024-07-12T00:26:04.123467" elapsed="0.024999"/>
</branch>
<branch type="ELSE IF" condition="'${Name}'=='COMPLETED'">
<kw name="Click Element" owner="SeleniumLibrary">
<arg>//a[@href="#completed"]//span[@data-upgraded=",MaterialRipple"]</arg>
<doc>Click the element identified by ``locator``.</doc>
<status status="NOT RUN" start="2024-07-12T00:26:04.148466" elapsed="0.000000"/>
</kw>
<status status="NOT RUN" start="2024-07-12T00:26:04.148466" elapsed="0.000000"/>
</branch>
<status status="PASS" start="2024-07-12T00:26:04.122966" elapsed="0.025999"/>
</if>
<arg>Name=TO_DO_TASKS</arg>
<doc>-  ADD ITEM Tab      -&gt; Switch Tab    Name=ADD_ITEM
-  TO DO TASKS  Tab  -&gt; Switch Tab    Name=TO_DO_TASKS
-  TO COMPLETED Tab  -&gt; Switch Tab    Name=COMPLETED</doc>
<status status="PASS" start="2024-07-12T00:26:04.122466" elapsed="0.026499"/>
</kw>
<kw name="Verify ToDoTask" owner="TodoListTestStep">
<kw name="Switch Tab" owner="TodoListTestStep">
<if>
<branch type="IF" condition="'${Name}'=='ADD_ITEM'">
<kw name="Click Element" owner="SeleniumLibrary">
<arg>//a[@href="#add-item"]//span[@data-upgraded=",MaterialRipple"]</arg>
<doc>Click the element identified by ``locator``.</doc>
<status status="NOT RUN" start="2024-07-12T00:26:04.149965" elapsed="0.000000"/>
</kw>
<status status="NOT RUN" start="2024-07-12T00:26:04.149965" elapsed="0.000000"/>
</branch>
<branch type="ELSE IF" condition="'${Name}'=='TO_DO_TASKS'">
<kw name="Click Element" owner="SeleniumLibrary">
<msg time="2024-07-12T00:26:04.150466" level="INFO">Clicking element '//a[@href="#todo"]//span[@data-upgraded=",MaterialRipple"]'.</msg>
<arg>//a[@href="#todo"]//span[@data-upgraded=",MaterialRipple"]</arg>
<doc>Click the element identified by ``locator``.</doc>
<status status="PASS" start="2024-07-12T00:26:04.150466" elapsed="0.022500"/>
</kw>
<status status="PASS" start="2024-07-12T00:26:04.149965" elapsed="0.023503"/>
</branch>
<branch type="ELSE IF" condition="'${Name}'=='COMPLETED'">
<kw name="Click Element" owner="SeleniumLibrary">
<arg>//a[@href="#completed"]//span[@data-upgraded=",MaterialRipple"]</arg>
<doc>Click the element identified by ``locator``.</doc>
<status status="NOT RUN" start="2024-07-12T00:26:04.173468" elapsed="0.000498"/>
</kw>
<status status="NOT RUN" start="2024-07-12T00:26:04.173468" elapsed="0.000498"/>
</branch>
<status status="PASS" start="2024-07-12T00:26:04.149965" elapsed="0.024001"/>
</if>
<arg>Name=TO_DO_TASKS</arg>
<doc>-  ADD ITEM Tab      -&gt; Switch Tab    Name=ADD_ITEM
-  TO DO TASKS  Tab  -&gt; Switch Tab    Name=TO_DO_TASKS
-  TO COMPLETED Tab  -&gt; Switch Tab    Name=COMPLETED</doc>
<status status="PASS" start="2024-07-12T00:26:04.149466" elapsed="0.024500"/>
</kw>
<kw name="Evaluate" owner="BuiltIn">
<msg time="2024-07-12T00:26:04.174466" level="INFO">${index} = 0</msg>
<var>${index}</var>
<arg>0</arg>
<doc>Evaluates the given expression in Python and returns the result.</doc>
<status status="PASS" start="2024-07-12T00:26:04.173966" elapsed="0.000500"/>
</kw>
<for flavor="IN">
<iter>
<kw name="Evaluate" owner="BuiltIn">
<msg time="2024-07-12T00:26:04.175466" level="INFO">${index} = 1</msg>
<var>${index}</var>
<arg>${index} + 1</arg>
<doc>Evaluates the given expression in Python and returns the result.</doc>
<status status="PASS" start="2024-07-12T00:26:04.174966" elapsed="0.000500"/>
</kw>
<kw name="Log" owner="BuiltIn">
<msg time="2024-07-12T00:26:04.175965" level="INFO">Register</msg>
<arg>${taskName}</arg>
<doc>Logs the given message with the given level.</doc>
<status status="PASS" start="2024-07-12T00:26:04.175466" elapsed="0.000499"/>
</kw>
<kw name="Element Text Should Be" owner="SeleniumLibrary">
<msg time="2024-07-12T00:26:04.176467" level="INFO">Verifying element '//input[@id="1"]/..//span[contains(text(),'Register')]' contains exact text 'Register'.</msg>
<arg>locator=//input[@id="${index}"]/..//span[contains(text(),'${taskName}')]</arg>
<arg>expected=${taskName}</arg>
<doc>Verifies that element ``locator`` contains exact the text ``expected``.</doc>
<status status="PASS" start="2024-07-12T00:26:04.175965" elapsed="0.015504"/>
</kw>
<var name="${taskName}">Register</var>
<status status="PASS" start="2024-07-12T00:26:04.174966" elapsed="0.016503"/>
</iter>
<iter>
<kw name="Evaluate" owner="BuiltIn">
<msg time="2024-07-12T00:26:04.191969" level="INFO">${index} = 2</msg>
<var>${index}</var>
<arg>${index} + 1</arg>
<doc>Evaluates the given expression in Python and returns the result.</doc>
<status status="PASS" start="2024-07-12T00:26:04.191969" elapsed="0.000500"/>
</kw>
<kw name="Log" owner="BuiltIn">
<msg time="2024-07-12T00:26:04.192969" level="INFO">Login</msg>
<arg>${taskName}</arg>
<doc>Logs the given message with the given level.</doc>
<status status="PASS" start="2024-07-12T00:26:04.192469" elapsed="0.001000"/>
</kw>
<kw name="Element Text Should Be" owner="SeleniumLibrary">
<msg time="2024-07-12T00:26:04.193469" level="INFO">Verifying element '//input[@id="2"]/..//span[contains(text(),'Login')]' contains exact text 'Login'.</msg>
<arg>locator=//input[@id="${index}"]/..//span[contains(text(),'${taskName}')]</arg>
<arg>expected=${taskName}</arg>
<doc>Verifies that element ``locator`` contains exact the text ``expected``.</doc>
<status status="PASS" start="2024-07-12T00:26:04.193469" elapsed="0.013009"/>
</kw>
<var name="${taskName}">Login</var>
<status status="PASS" start="2024-07-12T00:26:04.191469" elapsed="0.015009"/>
</iter>
<var>${taskName}</var>
<value>@{expectedList}</value>
<status status="PASS" start="2024-07-12T00:26:04.174466" elapsed="0.032012"/>
</for>
<arg>expectedList=${expectedList}</arg>
<doc>Verify task added on TO DO LIST</doc>
<status status="PASS" start="2024-07-12T00:26:04.148965" elapsed="0.057513"/>
</kw>
<kw name="To Done Task" owner="TodoListTestStep">
<for flavor="IN">
<iter>
<kw name="Log" owner="BuiltIn">
<msg time="2024-07-12T00:26:04.207978" level="INFO">Register</msg>
<arg>${taskName}</arg>
<doc>Logs the given message with the given level.</doc>
<status status="PASS" start="2024-07-12T00:26:04.207477" elapsed="0.000501"/>
</kw>
<kw name="Click Element" owner="SeleniumLibrary">
<msg time="2024-07-12T00:26:04.208477" level="INFO">Clicking element '//label[@for="1"]'.</msg>
<arg>locator=//label[@for="1"]</arg>
<doc>Click the element identified by ``locator``.</doc>
<status status="PASS" start="2024-07-12T00:26:04.207978" elapsed="0.033501"/>
</kw>
<kw name="Element Should Not Be Visible" owner="SeleniumLibrary">
<msg time="2024-07-12T00:26:04.254979" level="INFO">Element '//span[@class='mdl-list__item-primary-content' and contains(text(), 'Register')]' exists but is not displayed.</msg>
<arg>locator=//span[@class='mdl-list__item-primary-content' and contains(text(), '${taskName}')]</arg>
<doc>Verifies that the element identified by ``locator`` is NOT visible.</doc>
<status status="PASS" start="2024-07-12T00:26:04.241479" elapsed="0.013500"/>
</kw>
<var name="${taskName}">Register</var>
<status status="PASS" start="2024-07-12T00:26:04.207477" elapsed="0.047502"/>
</iter>
<iter>
<kw name="Log" owner="BuiltIn">
<msg time="2024-07-12T00:26:04.255977" level="INFO">Login</msg>
<arg>${taskName}</arg>
<doc>Logs the given message with the given level.</doc>
<status status="PASS" start="2024-07-12T00:26:04.255479" elapsed="0.000498"/>
</kw>
<kw name="Click Element" owner="SeleniumLibrary">
<msg time="2024-07-12T00:26:04.256478" level="INFO">Clicking element '//label[@for="1"]'.</msg>
<arg>locator=//label[@for="1"]</arg>
<doc>Click the element identified by ``locator``.</doc>
<status status="PASS" start="2024-07-12T00:26:04.256478" elapsed="0.019999"/>
</kw>
<kw name="Element Should Not Be Visible" owner="SeleniumLibrary">
<msg time="2024-07-12T00:26:04.287479" level="INFO">Element '//span[@class='mdl-list__item-primary-content' and contains(text(), 'Login')]' exists but is not displayed.</msg>
<arg>locator=//span[@class='mdl-list__item-primary-content' and contains(text(), '${taskName}')]</arg>
<doc>Verifies that the element identified by ``locator`` is NOT visible.</doc>
<status status="PASS" start="2024-07-12T00:26:04.276477" elapsed="0.011002"/>
</kw>
<var name="${taskName}">Login</var>
<status status="PASS" start="2024-07-12T00:26:04.254979" elapsed="0.032998"/>
</iter>
<var>${taskName}</var>
<value>@{expectedDoneList}</value>
<status status="PASS" start="2024-07-12T00:26:04.207477" elapsed="0.080500"/>
</for>
<arg>expectedDoneList=${expectedDoneList}</arg>
<doc>Verify task added on TO DO LIST</doc>
<status status="PASS" start="2024-07-12T00:26:04.206977" elapsed="0.081000"/>
</kw>
<kw name="Verify Completed" owner="TodoListTestStep">
<kw name="Switch Tab" owner="TodoListTestStep">
<if>
<branch type="IF" condition="'${Name}'=='ADD_ITEM'">
<kw name="Click Element" owner="SeleniumLibrary">
<arg>//a[@href="#add-item"]//span[@data-upgraded=",MaterialRipple"]</arg>
<doc>Click the element identified by ``locator``.</doc>
<status status="NOT RUN" start="2024-07-12T00:26:04.288981" elapsed="0.000501"/>
</kw>
<status status="NOT RUN" start="2024-07-12T00:26:04.288981" elapsed="0.000501"/>
</branch>
<branch type="ELSE IF" condition="'${Name}'=='TO_DO_TASKS'">
<kw name="Click Element" owner="SeleniumLibrary">
<arg>//a[@href="#todo"]//span[@data-upgraded=",MaterialRipple"]</arg>
<doc>Click the element identified by ``locator``.</doc>
<status status="NOT RUN" start="2024-07-12T00:26:04.289482" elapsed="0.000000"/>
</kw>
<status status="NOT RUN" start="2024-07-12T00:26:04.289482" elapsed="0.000499"/>
</branch>
<branch type="ELSE IF" condition="'${Name}'=='COMPLETED'">
<kw name="Click Element" owner="SeleniumLibrary">
<msg time="2024-07-12T00:26:04.289981" level="INFO">Clicking element '//a[@href="#completed"]//span[@data-upgraded=",MaterialRipple"]'.</msg>
<arg>//a[@href="#completed"]//span[@data-upgraded=",MaterialRipple"]</arg>
<doc>Click the element identified by ``locator``.</doc>
<status status="PASS" start="2024-07-12T00:26:04.289981" elapsed="0.025011"/>
</kw>
<status status="PASS" start="2024-07-12T00:26:04.289981" elapsed="0.025011"/>
</branch>
<status status="PASS" start="2024-07-12T00:26:04.288981" elapsed="0.026011"/>
</if>
<arg>Name=COMPLETED</arg>
<doc>-  ADD ITEM Tab      -&gt; Switch Tab    Name=ADD_ITEM
-  TO DO TASKS  Tab  -&gt; Switch Tab    Name=TO_DO_TASKS
-  TO COMPLETED Tab  -&gt; Switch Tab    Name=COMPLETED</doc>
<status status="PASS" start="2024-07-12T00:26:04.288981" elapsed="0.026011"/>
</kw>
<kw name="Evaluate" owner="BuiltIn">
<msg time="2024-07-12T00:26:04.315491" level="INFO">${index} = 0</msg>
<var>${index}</var>
<arg>0</arg>
<doc>Evaluates the given expression in Python and returns the result.</doc>
<status status="PASS" start="2024-07-12T00:26:04.315491" elapsed="0.000500"/>
</kw>
<for flavor="IN">
<iter>
<kw name="Evaluate" owner="BuiltIn">
<msg time="2024-07-12T00:26:04.316491" level="INFO">${index} = 1</msg>
<var>${index}</var>
<arg>${index} + 1</arg>
<doc>Evaluates the given expression in Python and returns the result.</doc>
<status status="PASS" start="2024-07-12T00:26:04.316491" elapsed="0.000000"/>
</kw>
<kw name="Log" owner="BuiltIn">
<msg time="2024-07-12T00:26:04.316991" level="INFO">Register</msg>
<arg>${taskName}</arg>
<doc>Logs the given message with the given level.</doc>
<status status="PASS" start="2024-07-12T00:26:04.316991" elapsed="0.000000"/>
</kw>
<kw name="Element Text Should Be" owner="SeleniumLibrary">
<msg time="2024-07-12T00:26:04.317491" level="INFO">Verifying element '//span[@class='mdl-list__item-primary-content' and contains(text(), 'Register')]' contains exact text 'doneRegister'.</msg>
<arg>locator=//span[@class='mdl-list__item-primary-content' and contains(text(), '${taskName}')]</arg>
<arg>expected=done${taskName}</arg>
<doc>Verifies that element ``locator`` contains exact the text ``expected``.</doc>
<status status="PASS" start="2024-07-12T00:26:04.316991" elapsed="0.010000"/>
</kw>
<var name="${taskName}">Register</var>
<status status="PASS" start="2024-07-12T00:26:04.315991" elapsed="0.011000"/>
</iter>
<iter>
<kw name="Evaluate" owner="BuiltIn">
<msg time="2024-07-12T00:26:04.327491" level="INFO">${index} = 2</msg>
<var>${index}</var>
<arg>${index} + 1</arg>
<doc>Evaluates the given expression in Python and returns the result.</doc>
<status status="PASS" start="2024-07-12T00:26:04.327491" elapsed="0.000499"/>
</kw>
<kw name="Log" owner="BuiltIn">
<msg time="2024-07-12T00:26:04.327990" level="INFO">Login</msg>
<arg>${taskName}</arg>
<doc>Logs the given message with the given level.</doc>
<status status="PASS" start="2024-07-12T00:26:04.327990" elapsed="0.000501"/>
</kw>
<kw name="Element Text Should Be" owner="SeleniumLibrary">
<msg time="2024-07-12T00:26:04.328491" level="INFO">Verifying element '//span[@class='mdl-list__item-primary-content' and contains(text(), 'Login')]' contains exact text 'doneLogin'.</msg>
<arg>locator=//span[@class='mdl-list__item-primary-content' and contains(text(), '${taskName}')]</arg>
<arg>expected=done${taskName}</arg>
<doc>Verifies that element ``locator`` contains exact the text ``expected``.</doc>
<status status="PASS" start="2024-07-12T00:26:04.328491" elapsed="0.009001"/>
</kw>
<var name="${taskName}">Login</var>
<status status="PASS" start="2024-07-12T00:26:04.326991" elapsed="0.010501"/>
</iter>
<var>${taskName}</var>
<value>@{expectedDoneList}</value>
<status status="PASS" start="2024-07-12T00:26:04.315991" elapsed="0.021501"/>
</for>
<arg>expectedDoneList=${expectedDoneList}</arg>
<doc>Verify Completed List from To Done List</doc>
<status status="PASS" start="2024-07-12T00:26:04.288478" elapsed="0.049014"/>
</kw>
<kw name="Close Browser" owner="SeleniumLibrary" type="TEARDOWN">
<doc>Closes the current browser.</doc>
<status status="PASS" start="2024-07-12T00:26:04.337990" elapsed="2.115186"/>
</kw>
<doc>Customer create 2 tasks, 2 tasks completed</doc>
<status status="PASS" start="2024-07-12T00:26:02.151785" elapsed="4.301891"/>
</test>
<test id="s1-s1-s1-t2" name="TC_Create_2_Tasks_Delete_TASK1_Success" line="30">
<kw name="Open Web Browser" owner="TodoListTestStep" type="SETUP">
<kw name="Open Browser" owner="SeleniumLibrary">
<msg time="2024-07-12T00:26:06.457175" level="INFO">Opening browser 'chrome' to base url 'https://abhigyank.github.io/To-Do-List/'.</msg>
<arg>url=${URL}</arg>
<arg>browser=chrome</arg>
<doc>Opens a new browser instance to the optional ``url``.</doc>
<status status="PASS" start="2024-07-12T00:26:06.456675" elapsed="1.646908"/>
</kw>
<kw name="Maximize Browser Window" owner="SeleniumLibrary">
<doc>Maximizes current browser window.</doc>
<status status="PASS" start="2024-07-12T00:26:08.103583" elapsed="0.027508"/>
</kw>
<arg>${URL_WEB_TESTING}</arg>
<doc>Open Browser following URL</doc>
<status status="PASS" start="2024-07-12T00:26:06.456175" elapsed="1.674916"/>
</kw>
<variable name="@{expectedList}">
<var>${TASK1}</var>
<var>${TASK2}</var>
<status status="PASS" start="2024-07-12T00:26:08.131091" elapsed="0.000500"/>
</variable>
<variable name="@{expectedDoneList}">
<var>${TASK2}</var>
<status status="PASS" start="2024-07-12T00:26:08.131591" elapsed="0.000000"/>
</variable>
<kw name="Create Item" owner="TodoListTestStep">
<for flavor="IN">
<iter>
<kw name="Input ItemName" owner="TodoListComponent">
<kw name="Wait Until Element Is Enabled" owner="SeleniumLibrary">
<arg>locator=//input[@id="new-task"]</arg>
<doc>Waits until the element ``locator`` is enabled.</doc>
<status status="PASS" start="2024-07-12T00:26:08.132590" elapsed="0.015000"/>
</kw>
<kw name="Input Text" owner="SeleniumLibrary">
<msg time="2024-07-12T00:26:08.148090" level="INFO">Typing text 'Register' into text field '//input[@id="new-task"]'.</msg>
<arg>locator=//input[@id="new-task"]</arg>
<arg>text=${Name}</arg>
<doc>Types the given ``text`` into the text field identified by ``locator``.</doc>
<status status="PASS" start="2024-07-12T00:26:08.148090" elapsed="0.058517"/>
</kw>
<arg>${taskName}</arg>
<doc>Input to textfield 'ItemName'</doc>
<status status="PASS" start="2024-07-12T00:26:08.132590" elapsed="0.074017"/>
</kw>
<kw name="Click Button Create Item" owner="TodoListComponent">
<kw name="Wait Until Element Is Enabled" owner="SeleniumLibrary">
<arg>locator=//button[@data-upgraded=",MaterialButton"]</arg>
<doc>Waits until the element ``locator`` is enabled.</doc>
<status status="PASS" start="2024-07-12T00:26:08.207106" elapsed="0.013500"/>
</kw>
<kw name="Click Button" owner="SeleniumLibrary">
<msg time="2024-07-12T00:26:08.221106" level="INFO">Clicking button '//button[@data-upgraded=",MaterialButton"]'.</msg>
<arg>locator=//button[@data-upgraded=",MaterialButton"]</arg>
<doc>Clicks the button identified by ``locator``.</doc>
<status status="PASS" start="2024-07-12T00:26:08.220606" elapsed="0.029000"/>
</kw>
<doc>Click Button for Add item to 'To Do List'</doc>
<status status="PASS" start="2024-07-12T00:26:08.207106" elapsed="0.042500"/>
</kw>
<var name="${taskName}">Register</var>
<status status="PASS" start="2024-07-12T00:26:08.132590" elapsed="0.117515"/>
</iter>
<iter>
<kw name="Input ItemName" owner="TodoListComponent">
<kw name="Wait Until Element Is Enabled" owner="SeleniumLibrary">
<arg>locator=//input[@id="new-task"]</arg>
<doc>Waits until the element ``locator`` is enabled.</doc>
<status status="PASS" start="2024-07-12T00:26:08.250605" elapsed="0.010499"/>
</kw>
<kw name="Input Text" owner="SeleniumLibrary">
<msg time="2024-07-12T00:26:08.261605" level="INFO">Typing text 'Login' into text field '//input[@id="new-task"]'.</msg>
<arg>locator=//input[@id="new-task"]</arg>
<arg>text=${Name}</arg>
<doc>Types the given ``text`` into the text field identified by ``locator``.</doc>
<status status="PASS" start="2024-07-12T00:26:08.261104" elapsed="0.044004"/>
</kw>
<arg>${taskName}</arg>
<doc>Input to textfield 'ItemName'</doc>
<status status="PASS" start="2024-07-12T00:26:08.250105" elapsed="0.055003"/>
</kw>
<kw name="Click Button Create Item" owner="TodoListComponent">
<kw name="Wait Until Element Is Enabled" owner="SeleniumLibrary">
<arg>locator=//button[@data-upgraded=",MaterialButton"]</arg>
<doc>Waits until the element ``locator`` is enabled.</doc>
<status status="PASS" start="2024-07-12T00:26:08.305108" elapsed="0.010008"/>
</kw>
<kw name="Click Button" owner="SeleniumLibrary">
<msg time="2024-07-12T00:26:08.315116" level="INFO">Clicking button '//button[@data-upgraded=",MaterialButton"]'.</msg>
<arg>locator=//button[@data-upgraded=",MaterialButton"]</arg>
<doc>Clicks the button identified by ``locator``.</doc>
<status status="PASS" start="2024-07-12T00:26:08.315116" elapsed="0.024001"/>
</kw>
<doc>Click Button for Add item to 'To Do List'</doc>
<status status="PASS" start="2024-07-12T00:26:08.305108" elapsed="0.034009"/>
</kw>
<var name="${taskName}">Login</var>
<status status="PASS" start="2024-07-12T00:26:08.250105" elapsed="0.089012"/>
</iter>
<var>${taskName}</var>
<value>@{itemList}</value>
<status status="PASS" start="2024-07-12T00:26:08.132090" elapsed="0.207526"/>
</for>
<arg>itemList=${expectedList}</arg>
<doc>Add task to TO DO LIST</doc>
<status status="PASS" start="2024-07-12T00:26:08.132090" elapsed="0.207526"/>
</kw>
<kw name="Verify ToDoTask" owner="TodoListTestStep">
<kw name="Switch Tab" owner="TodoListTestStep">
<if>
<branch type="IF" condition="'${Name}'=='ADD_ITEM'">
<kw name="Click Element" owner="SeleniumLibrary">
<arg>//a[@href="#add-item"]//span[@data-upgraded=",MaterialRipple"]</arg>
<doc>Click the element identified by ``locator``.</doc>
<status status="NOT RUN" start="2024-07-12T00:26:08.340616" elapsed="0.000000"/>
</kw>
<status status="NOT RUN" start="2024-07-12T00:26:08.340116" elapsed="0.000500"/>
</branch>
<branch type="ELSE IF" condition="'${Name}'=='TO_DO_TASKS'">
<kw name="Click Element" owner="SeleniumLibrary">
<msg time="2024-07-12T00:26:08.341116" level="INFO">Clicking element '//a[@href="#todo"]//span[@data-upgraded=",MaterialRipple"]'.</msg>
<arg>//a[@href="#todo"]//span[@data-upgraded=",MaterialRipple"]</arg>
<doc>Click the element identified by ``locator``.</doc>
<status status="PASS" start="2024-07-12T00:26:08.340616" elapsed="0.023000"/>
</kw>
<status status="PASS" start="2024-07-12T00:26:08.340616" elapsed="0.023500"/>
</branch>
<branch type="ELSE IF" condition="'${Name}'=='COMPLETED'">
<kw name="Click Element" owner="SeleniumLibrary">
<arg>//a[@href="#completed"]//span[@data-upgraded=",MaterialRipple"]</arg>
<doc>Click the element identified by ``locator``.</doc>
<status status="NOT RUN" start="2024-07-12T00:26:08.364116" elapsed="0.000000"/>
</kw>
<status status="NOT RUN" start="2024-07-12T00:26:08.364116" elapsed="0.000000"/>
</branch>
<status status="PASS" start="2024-07-12T00:26:08.340116" elapsed="0.024000"/>
</if>
<arg>Name=TO_DO_TASKS</arg>
<doc>-  ADD ITEM Tab      -&gt; Switch Tab    Name=ADD_ITEM
-  TO DO TASKS  Tab  -&gt; Switch Tab    Name=TO_DO_TASKS
-  TO COMPLETED Tab  -&gt; Switch Tab    Name=COMPLETED</doc>
<status status="PASS" start="2024-07-12T00:26:08.340116" elapsed="0.024000"/>
</kw>
<kw name="Evaluate" owner="BuiltIn">
<msg time="2024-07-12T00:26:08.364616" level="INFO">${index} = 0</msg>
<var>${index}</var>
<arg>0</arg>
<doc>Evaluates the given expression in Python and returns the result.</doc>
<status status="PASS" start="2024-07-12T00:26:08.364616" elapsed="0.000000"/>
</kw>
<for flavor="IN">
<iter>
<kw name="Evaluate" owner="BuiltIn">
<msg time="2024-07-12T00:26:08.365616" level="INFO">${index} = 1</msg>
<var>${index}</var>
<arg>${index} + 1</arg>
<doc>Evaluates the given expression in Python and returns the result.</doc>
<status status="PASS" start="2024-07-12T00:26:08.365116" elapsed="0.000500"/>
</kw>
<kw name="Log" owner="BuiltIn">
<msg time="2024-07-12T00:26:08.366116" level="INFO">Register</msg>
<arg>${taskName}</arg>
<doc>Logs the given message with the given level.</doc>
<status status="PASS" start="2024-07-12T00:26:08.365616" elapsed="0.000500"/>
</kw>
<kw name="Element Text Should Be" owner="SeleniumLibrary">
<msg time="2024-07-12T00:26:08.366616" level="INFO">Verifying element '//input[@id="1"]/..//span[contains(text(),'Register')]' contains exact text 'Register'.</msg>
<arg>locator=//input[@id="${index}"]/..//span[contains(text(),'${taskName}')]</arg>
<arg>expected=${taskName}</arg>
<doc>Verifies that element ``locator`` contains exact the text ``expected``.</doc>
<status status="PASS" start="2024-07-12T00:26:08.366116" elapsed="0.014000"/>
</kw>
<var name="${taskName}">Register</var>
<status status="PASS" start="2024-07-12T00:26:08.365116" elapsed="0.015500"/>
</iter>
<iter>
<kw name="Evaluate" owner="BuiltIn">
<msg time="2024-07-12T00:26:08.381116" level="INFO">${index} = 2</msg>
<var>${index}</var>
<arg>${index} + 1</arg>
<doc>Evaluates the given expression in Python and returns the result.</doc>
<status status="PASS" start="2024-07-12T00:26:08.380616" elapsed="0.000500"/>
</kw>
<kw name="Log" owner="BuiltIn">
<msg time="2024-07-12T00:26:08.381616" level="INFO">Login</msg>
<arg>${taskName}</arg>
<doc>Logs the given message with the given level.</doc>
<status status="PASS" start="2024-07-12T00:26:08.381116" elapsed="0.000500"/>
</kw>
<kw name="Element Text Should Be" owner="SeleniumLibrary">
<msg time="2024-07-12T00:26:08.382116" level="INFO">Verifying element '//input[@id="2"]/..//span[contains(text(),'Login')]' contains exact text 'Login'.</msg>
<arg>locator=//input[@id="${index}"]/..//span[contains(text(),'${taskName}')]</arg>
<arg>expected=${taskName}</arg>
<doc>Verifies that element ``locator`` contains exact the text ``expected``.</doc>
<status status="PASS" start="2024-07-12T00:26:08.382116" elapsed="0.011005"/>
</kw>
<var name="${taskName}">Login</var>
<status status="PASS" start="2024-07-12T00:26:08.380616" elapsed="0.012505"/>
</iter>
<var>${taskName}</var>
<value>@{expectedList}</value>
<status status="PASS" start="2024-07-12T00:26:08.365116" elapsed="0.028005"/>
</for>
<arg>expectedList=${expectedList}</arg>
<doc>Verify task added on TO DO LIST</doc>
<status status="PASS" start="2024-07-12T00:26:08.339616" elapsed="0.054004"/>
</kw>
<kw name="Click Button Delete Item" owner="TodoListComponent">
<kw name="Wait Until Element Is Enabled" owner="SeleniumLibrary">
<arg>locator=//button[@id="${index}"]</arg>
<doc>Waits until the element ``locator`` is enabled.</doc>
<status status="PASS" start="2024-07-12T00:26:08.394120" elapsed="0.011000"/>
</kw>
<kw name="Click Button" owner="SeleniumLibrary">
<msg time="2024-07-12T00:26:08.406124" level="INFO">Clicking button '//button[@id="1"]'.</msg>
<arg>locator=//button[@id="${index}"]</arg>
<doc>Clicks the button identified by ``locator``.</doc>
<status status="PASS" start="2024-07-12T00:26:08.405120" elapsed="0.036012"/>
</kw>
<doc>Click Button for Delete Item</doc>
<status status="PASS" start="2024-07-12T00:26:08.393620" elapsed="0.048011"/>
</kw>
<kw name="Verify ToDoTask" owner="TodoListTestStep">
<kw name="Switch Tab" owner="TodoListTestStep">
<if>
<branch type="IF" condition="'${Name}'=='ADD_ITEM'">
<kw name="Click Element" owner="SeleniumLibrary">
<arg>//a[@href="#add-item"]//span[@data-upgraded=",MaterialRipple"]</arg>
<doc>Click the element identified by ``locator``.</doc>
<status status="NOT RUN" start="2024-07-12T00:26:08.443131" elapsed="0.000000"/>
</kw>
<status status="NOT RUN" start="2024-07-12T00:26:08.443131" elapsed="0.000000"/>
</branch>
<branch type="ELSE IF" condition="'${Name}'=='TO_DO_TASKS'">
<kw name="Click Element" owner="SeleniumLibrary">
<msg time="2024-07-12T00:26:08.443631" level="INFO">Clicking element '//a[@href="#todo"]//span[@data-upgraded=",MaterialRipple"]'.</msg>
<arg>//a[@href="#todo"]//span[@data-upgraded=",MaterialRipple"]</arg>
<doc>Click the element identified by ``locator``.</doc>
<status status="PASS" start="2024-07-12T00:26:08.443631" elapsed="0.019998"/>
</kw>
<status status="PASS" start="2024-07-12T00:26:08.443131" elapsed="0.020498"/>
</branch>
<branch type="ELSE IF" condition="'${Name}'=='COMPLETED'">
<kw name="Click Element" owner="SeleniumLibrary">
<arg>//a[@href="#completed"]//span[@data-upgraded=",MaterialRipple"]</arg>
<doc>Click the element identified by ``locator``.</doc>
<status status="NOT RUN" start="2024-07-12T00:26:08.464129" elapsed="0.000000"/>
</kw>
<status status="NOT RUN" start="2024-07-12T00:26:08.463629" elapsed="0.000500"/>
</branch>
<status status="PASS" start="2024-07-12T00:26:08.443131" elapsed="0.020998"/>
</if>
<arg>Name=TO_DO_TASKS</arg>
<doc>-  ADD ITEM Tab      -&gt; Switch Tab    Name=ADD_ITEM
-  TO DO TASKS  Tab  -&gt; Switch Tab    Name=TO_DO_TASKS
-  TO COMPLETED Tab  -&gt; Switch Tab    Name=COMPLETED</doc>
<status status="PASS" start="2024-07-12T00:26:08.442631" elapsed="0.021498"/>
</kw>
<kw name="Evaluate" owner="BuiltIn">
<msg time="2024-07-12T00:26:08.464629" level="INFO">${index} = 0</msg>
<var>${index}</var>
<arg>0</arg>
<doc>Evaluates the given expression in Python and returns the result.</doc>
<status status="PASS" start="2024-07-12T00:26:08.464629" elapsed="0.000000"/>
</kw>
<for flavor="IN">
<iter>
<kw name="Evaluate" owner="BuiltIn">
<msg time="2024-07-12T00:26:08.465629" level="INFO">${index} = 1</msg>
<var>${index}</var>
<arg>${index} + 1</arg>
<doc>Evaluates the given expression in Python and returns the result.</doc>
<status status="PASS" start="2024-07-12T00:26:08.465128" elapsed="0.000501"/>
</kw>
<kw name="Log" owner="BuiltIn">
<msg time="2024-07-12T00:26:08.466129" level="INFO">Login</msg>
<arg>${taskName}</arg>
<doc>Logs the given message with the given level.</doc>
<status status="PASS" start="2024-07-12T00:26:08.465629" elapsed="0.000500"/>
</kw>
<kw name="Element Text Should Be" owner="SeleniumLibrary">
<msg time="2024-07-12T00:26:08.466630" level="INFO">Verifying element '//input[@id="1"]/..//span[contains(text(),'Login')]' contains exact text 'Login'.</msg>
<arg>locator=//input[@id="${index}"]/..//span[contains(text(),'${taskName}')]</arg>
<arg>expected=${taskName}</arg>
<doc>Verifies that element ``locator`` contains exact the text ``expected``.</doc>
<status status="PASS" start="2024-07-12T00:26:08.466129" elapsed="0.011499"/>
</kw>
<var name="${taskName}">Login</var>
<status status="PASS" start="2024-07-12T00:26:08.465128" elapsed="0.012500"/>
</iter>
<var>${taskName}</var>
<value>@{expectedList}</value>
<status status="PASS" start="2024-07-12T00:26:08.465128" elapsed="0.012500"/>
</for>
<arg>expectedList=${expectedDoneList}</arg>
<doc>Verify task added on TO DO LIST</doc>
<status status="PASS" start="2024-07-12T00:26:08.442131" elapsed="0.035998"/>
</kw>
<kw name="To Done Task" owner="TodoListTestStep">
<for flavor="IN">
<iter>
<kw name="Log" owner="BuiltIn">
<msg time="2024-07-12T00:26:08.479128" level="INFO">Login</msg>
<arg>${taskName}</arg>
<doc>Logs the given message with the given level.</doc>
<status status="PASS" start="2024-07-12T00:26:08.479128" elapsed="0.000000"/>
</kw>
<kw name="Click Element" owner="SeleniumLibrary">
<msg time="2024-07-12T00:26:08.479628" level="INFO">Clicking element '//label[@for="1"]'.</msg>
<arg>locator=//label[@for="1"]</arg>
<doc>Click the element identified by ``locator``.</doc>
<status status="PASS" start="2024-07-12T00:26:08.479628" elapsed="0.025507"/>
</kw>
<kw name="Element Should Not Be Visible" owner="SeleniumLibrary">
<msg time="2024-07-12T00:26:08.515149" level="INFO">Element '//span[@class='mdl-list__item-primary-content' and contains(text(), 'Login')]' exists but is not displayed.</msg>
<arg>locator=//span[@class='mdl-list__item-primary-content' and contains(text(), '${taskName}')]</arg>
<doc>Verifies that the element identified by ``locator`` is NOT visible.</doc>
<status status="PASS" start="2024-07-12T00:26:08.505135" elapsed="0.010014"/>
</kw>
<var name="${taskName}">Login</var>
<status status="PASS" start="2024-07-12T00:26:08.478628" elapsed="0.036521"/>
</iter>
<var>${taskName}</var>
<value>@{expectedDoneList}</value>
<status status="PASS" start="2024-07-12T00:26:08.478628" elapsed="0.036521"/>
</for>
<arg>expectedDoneList=${expectedDoneList}</arg>
<doc>Verify task added on TO DO LIST</doc>
<status status="PASS" start="2024-07-12T00:26:08.478129" elapsed="0.037520"/>
</kw>
<kw name="Verify Completed" owner="TodoListTestStep">
<kw name="Switch Tab" owner="TodoListTestStep">
<if>
<branch type="IF" condition="'${Name}'=='ADD_ITEM'">
<kw name="Click Element" owner="SeleniumLibrary">
<arg>//a[@href="#add-item"]//span[@data-upgraded=",MaterialRipple"]</arg>
<doc>Click the element identified by ``locator``.</doc>
<status status="NOT RUN" start="2024-07-12T00:26:08.516649" elapsed="0.000000"/>
</kw>
<status status="NOT RUN" start="2024-07-12T00:26:08.516649" elapsed="0.000000"/>
</branch>
<branch type="ELSE IF" condition="'${Name}'=='TO_DO_TASKS'">
<kw name="Click Element" owner="SeleniumLibrary">
<arg>//a[@href="#todo"]//span[@data-upgraded=",MaterialRipple"]</arg>
<doc>Click the element identified by ``locator``.</doc>
<status status="NOT RUN" start="2024-07-12T00:26:08.517150" elapsed="0.000000"/>
</kw>
<status status="NOT RUN" start="2024-07-12T00:26:08.516649" elapsed="0.000501"/>
</branch>
<branch type="ELSE IF" condition="'${Name}'=='COMPLETED'">
<kw name="Click Element" owner="SeleniumLibrary">
<msg time="2024-07-12T00:26:08.517649" level="INFO">Clicking element '//a[@href="#completed"]//span[@data-upgraded=",MaterialRipple"]'.</msg>
<arg>//a[@href="#completed"]//span[@data-upgraded=",MaterialRipple"]</arg>
<doc>Click the element identified by ``locator``.</doc>
<status status="PASS" start="2024-07-12T00:26:08.517150" elapsed="0.024499"/>
</kw>
<status status="PASS" start="2024-07-12T00:26:08.517150" elapsed="0.024999"/>
</branch>
<status status="PASS" start="2024-07-12T00:26:08.516649" elapsed="0.025500"/>
</if>
<arg>Name=COMPLETED</arg>
<doc>-  ADD ITEM Tab      -&gt; Switch Tab    Name=ADD_ITEM
-  TO DO TASKS  Tab  -&gt; Switch Tab    Name=TO_DO_TASKS
-  TO COMPLETED Tab  -&gt; Switch Tab    Name=COMPLETED</doc>
<status status="PASS" start="2024-07-12T00:26:08.516149" elapsed="0.026000"/>
</kw>
<kw name="Evaluate" owner="BuiltIn">
<msg time="2024-07-12T00:26:08.542149" level="INFO">${index} = 0</msg>
<var>${index}</var>
<arg>0</arg>
<doc>Evaluates the given expression in Python and returns the result.</doc>
<status status="PASS" start="2024-07-12T00:26:08.542149" elapsed="0.000500"/>
</kw>
<for flavor="IN">
<iter>
<kw name="Evaluate" owner="BuiltIn">
<msg time="2024-07-12T00:26:08.543149" level="INFO">${index} = 1</msg>
<var>${index}</var>
<arg>${index} + 1</arg>
<doc>Evaluates the given expression in Python and returns the result.</doc>
<status status="PASS" start="2024-07-12T00:26:08.543149" elapsed="0.000500"/>
</kw>
<kw name="Log" owner="BuiltIn">
<msg time="2024-07-12T00:26:08.543649" level="INFO">Login</msg>
<arg>${taskName}</arg>
<doc>Logs the given message with the given level.</doc>
<status status="PASS" start="2024-07-12T00:26:08.543649" elapsed="0.000500"/>
</kw>
<kw name="Element Text Should Be" owner="SeleniumLibrary">
<msg time="2024-07-12T00:26:08.544149" level="INFO">Verifying element '//span[@class='mdl-list__item-primary-content' and contains(text(), 'Login')]' contains exact text 'doneLogin'.</msg>
<arg>locator=//span[@class='mdl-list__item-primary-content' and contains(text(), '${taskName}')]</arg>
<arg>expected=done${taskName}</arg>
<doc>Verifies that element ``locator`` contains exact the text ``expected``.</doc>
<status status="PASS" start="2024-07-12T00:26:08.544149" elapsed="0.007500"/>
</kw>
<var name="${taskName}">Login</var>
<status status="PASS" start="2024-07-12T00:26:08.542649" elapsed="0.009000"/>
</iter>
<var>${taskName}</var>
<value>@{expectedDoneList}</value>
<status status="PASS" start="2024-07-12T00:26:08.542649" elapsed="0.009000"/>
</for>
<arg>expectedDoneList=${expectedDoneList}</arg>
<doc>Verify Completed List from To Done List</doc>
<status status="PASS" start="2024-07-12T00:26:08.515649" elapsed="0.036500"/>
</kw>
<kw name="Click Button Delete Item" owner="TodoListComponent">
<kw name="Wait Until Element Is Enabled" owner="SeleniumLibrary">
<arg>locator=//button[@id="${index}"]</arg>
<doc>Waits until the element ``locator`` is enabled.</doc>
<status status="PASS" start="2024-07-12T00:26:08.553150" elapsed="0.010499"/>
</kw>
<kw name="Click Button" owner="SeleniumLibrary">
<msg time="2024-07-12T00:26:08.564149" level="INFO">Clicking button '//button[@id="1"]'.</msg>
<arg>locator=//button[@id="${index}"]</arg>
<doc>Clicks the button identified by ``locator``.</doc>
<status status="PASS" start="2024-07-12T00:26:08.563649" elapsed="0.027160"/>
</kw>
<doc>Click Button for Delete Item</doc>
<status status="PASS" start="2024-07-12T00:26:08.552651" elapsed="0.038158"/>
</kw>
<kw name="Close Browser" owner="SeleniumLibrary" type="TEARDOWN">
<doc>Closes the current browser.</doc>
<status status="PASS" start="2024-07-12T00:26:08.591312" elapsed="2.081533"/>
</kw>
<doc>Customer create 2 tasks, ToDoList: task 1 deleted., CompletedList: remain task deleted.</doc>
<status status="PASS" start="2024-07-12T00:26:06.455676" elapsed="4.217675"/>
</test>
<test id="s1-s1-s1-t3" name="TC_Create_2_Tasks_Delete_TASK2_Success" line="46">
<kw name="Open Web Browser" owner="TodoListTestStep" type="SETUP">
<kw name="Open Browser" owner="SeleniumLibrary">
<msg time="2024-07-12T00:26:10.676851" level="INFO">Opening browser 'chrome' to base url 'https://abhigyank.github.io/To-Do-List/'.</msg>
<arg>url=${URL}</arg>
<arg>browser=chrome</arg>
<doc>Opens a new browser instance to the optional ``url``.</doc>
<status status="PASS" start="2024-07-12T00:26:10.676851" elapsed="1.719327"/>
</kw>
<kw name="Maximize Browser Window" owner="SeleniumLibrary">
<doc>Maximizes current browser window.</doc>
<status status="PASS" start="2024-07-12T00:26:12.396178" elapsed="0.025842"/>
</kw>
<arg>${URL_WEB_TESTING}</arg>
<doc>Open Browser following URL</doc>
<status status="PASS" start="2024-07-12T00:26:10.676350" elapsed="1.745670"/>
</kw>
<variable name="@{expectedList}">
<var>${TASK1}</var>
<var>${TASK2}</var>
<status status="PASS" start="2024-07-12T00:26:12.426519" elapsed="0.000502"/>
</variable>
<variable name="@{expectedDoneList}">
<var>${TASK1}</var>
<status status="PASS" start="2024-07-12T00:26:12.427021" elapsed="0.000000"/>
</variable>
<kw name="Create Item" owner="TodoListTestStep">
<for flavor="IN">
<iter>
<kw name="Input ItemName" owner="TodoListComponent">
<kw name="Wait Until Element Is Enabled" owner="SeleniumLibrary">
<arg>locator=//input[@id="new-task"]</arg>
<doc>Waits until the element ``locator`` is enabled.</doc>
<status status="PASS" start="2024-07-12T00:26:12.428019" elapsed="0.015000"/>
</kw>
<kw name="Input Text" owner="SeleniumLibrary">
<msg time="2024-07-12T00:26:12.443519" level="INFO">Typing text 'Register' into text field '//input[@id="new-task"]'.</msg>
<arg>locator=//input[@id="new-task"]</arg>
<arg>text=${Name}</arg>
<doc>Types the given ``text`` into the text field identified by ``locator``.</doc>
<status status="PASS" start="2024-07-12T00:26:12.443019" elapsed="0.057004"/>
</kw>
<arg>${taskName}</arg>
<doc>Input to textfield 'ItemName'</doc>
<status status="PASS" start="2024-07-12T00:26:12.428019" elapsed="0.072004"/>
</kw>
<kw name="Click Button Create Item" owner="TodoListComponent">
<kw name="Wait Until Element Is Enabled" owner="SeleniumLibrary">
<arg>locator=//button[@data-upgraded=",MaterialButton"]</arg>
<doc>Waits until the element ``locator`` is enabled.</doc>
<status status="PASS" start="2024-07-12T00:26:12.500523" elapsed="0.012505"/>
</kw>
<kw name="Click Button" owner="SeleniumLibrary">
<msg time="2024-07-12T00:26:12.513528" level="INFO">Clicking button '//button[@data-upgraded=",MaterialButton"]'.</msg>
<arg>locator=//button[@data-upgraded=",MaterialButton"]</arg>
<doc>Clicks the button identified by ``locator``.</doc>
<status status="PASS" start="2024-07-12T00:26:12.513028" elapsed="0.029000"/>
</kw>
<doc>Click Button for Add item to 'To Do List'</doc>
<status status="PASS" start="2024-07-12T00:26:12.500523" elapsed="0.041505"/>
</kw>
<var name="${taskName}">Register</var>
<status status="PASS" start="2024-07-12T00:26:12.427520" elapsed="0.115008"/>
</iter>
<iter>
<kw name="Input ItemName" owner="TodoListComponent">
<kw name="Wait Until Element Is Enabled" owner="SeleniumLibrary">
<arg>locator=//input[@id="new-task"]</arg>
<doc>Waits until the element ``locator`` is enabled.</doc>
<status status="PASS" start="2024-07-12T00:26:12.543028" elapsed="0.008500"/>
</kw>
<kw name="Input Text" owner="SeleniumLibrary">
<msg time="2024-07-12T00:26:12.552029" level="INFO">Typing text 'Login' into text field '//input[@id="new-task"]'.</msg>
<arg>locator=//input[@id="new-task"]</arg>
<arg>text=${Name}</arg>
<doc>Types the given ``text`` into the text field identified by ``locator``.</doc>
<status status="PASS" start="2024-07-12T00:26:12.551528" elapsed="0.040000"/>
</kw>
<arg>${taskName}</arg>
<doc>Input to textfield 'ItemName'</doc>
<status status="PASS" start="2024-07-12T00:26:12.542528" elapsed="0.049000"/>
</kw>
<kw name="Click Button Create Item" owner="TodoListComponent">
<kw name="Wait Until Element Is Enabled" owner="SeleniumLibrary">
<arg>locator=//button[@data-upgraded=",MaterialButton"]</arg>
<doc>Waits until the element ``locator`` is enabled.</doc>
<status status="PASS" start="2024-07-12T00:26:12.592030" elapsed="0.009502"/>
</kw>
<kw name="Click Button" owner="SeleniumLibrary">
<msg time="2024-07-12T00:26:12.602032" level="INFO">Clicking button '//button[@data-upgraded=",MaterialButton"]'.</msg>
<arg>locator=//button[@data-upgraded=",MaterialButton"]</arg>
<doc>Clicks the button identified by ``locator``.</doc>
<status status="PASS" start="2024-07-12T00:26:12.602032" elapsed="0.025006"/>
</kw>
<doc>Click Button for Add item to 'To Do List'</doc>
<status status="PASS" start="2024-07-12T00:26:12.592030" elapsed="0.035008"/>
</kw>
<var name="${taskName}">Login</var>
<status status="PASS" start="2024-07-12T00:26:12.542528" elapsed="0.084510"/>
</iter>
<var>${taskName}</var>
<value>@{itemList}</value>
<status status="PASS" start="2024-07-12T00:26:12.427520" elapsed="0.200019"/>
</for>
<arg>itemList=${expectedList}</arg>
<doc>Add task to TO DO LIST</doc>
<status status="PASS" start="2024-07-12T00:26:12.427520" elapsed="0.200019"/>
</kw>
<kw name="Verify ToDoTask" owner="TodoListTestStep">
<kw name="Switch Tab" owner="TodoListTestStep">
<if>
<branch type="IF" condition="'${Name}'=='ADD_ITEM'">
<kw name="Click Element" owner="SeleniumLibrary">
<arg>//a[@href="#add-item"]//span[@data-upgraded=",MaterialRipple"]</arg>
<doc>Click the element identified by ``locator``.</doc>
<status status="NOT RUN" start="2024-07-12T00:26:12.628538" elapsed="0.000000"/>
</kw>
<status status="NOT RUN" start="2024-07-12T00:26:12.628538" elapsed="0.000000"/>
</branch>
<branch type="ELSE IF" condition="'${Name}'=='TO_DO_TASKS'">
<kw name="Click Element" owner="SeleniumLibrary">
<msg time="2024-07-12T00:26:12.629037" level="INFO">Clicking element '//a[@href="#todo"]//span[@data-upgraded=",MaterialRipple"]'.</msg>
<arg>//a[@href="#todo"]//span[@data-upgraded=",MaterialRipple"]</arg>
<doc>Click the element identified by ``locator``.</doc>
<status status="PASS" start="2024-07-12T00:26:12.629037" elapsed="0.021500"/>
</kw>
<status status="PASS" start="2024-07-12T00:26:12.629037" elapsed="0.022001"/>
</branch>
<branch type="ELSE IF" condition="'${Name}'=='COMPLETED'">
<kw name="Click Element" owner="SeleniumLibrary">
<arg>//a[@href="#completed"]//span[@data-upgraded=",MaterialRipple"]</arg>
<doc>Click the element identified by ``locator``.</doc>
<status status="NOT RUN" start="2024-07-12T00:26:12.651038" elapsed="0.000000"/>
</kw>
<status status="NOT RUN" start="2024-07-12T00:26:12.651038" elapsed="0.000499"/>
</branch>
<status status="PASS" start="2024-07-12T00:26:12.628538" elapsed="0.022999"/>
</if>
<arg>Name=TO_DO_TASKS</arg>
<doc>-  ADD ITEM Tab      -&gt; Switch Tab    Name=ADD_ITEM
-  TO DO TASKS  Tab  -&gt; Switch Tab    Name=TO_DO_TASKS
-  TO COMPLETED Tab  -&gt; Switch Tab    Name=COMPLETED</doc>
<status status="PASS" start="2024-07-12T00:26:12.628039" elapsed="0.023498"/>
</kw>
<kw name="Evaluate" owner="BuiltIn">
<msg time="2024-07-12T00:26:12.652038" level="INFO">${index} = 0</msg>
<var>${index}</var>
<arg>0</arg>
<doc>Evaluates the given expression in Python and returns the result.</doc>
<status status="PASS" start="2024-07-12T00:26:12.651537" elapsed="0.000501"/>
</kw>
<for flavor="IN">
<iter>
<kw name="Evaluate" owner="BuiltIn">
<msg time="2024-07-12T00:26:12.653039" level="INFO">${index} = 1</msg>
<var>${index}</var>
<arg>${index} + 1</arg>
<doc>Evaluates the given expression in Python and returns the result.</doc>
<status status="PASS" start="2024-07-12T00:26:12.653039" elapsed="0.000499"/>
</kw>
<kw name="Log" owner="BuiltIn">
<msg time="2024-07-12T00:26:12.654064" level="INFO">Register</msg>
<arg>${taskName}</arg>
<doc>Logs the given message with the given level.</doc>
<status status="PASS" start="2024-07-12T00:26:12.653538" elapsed="0.000526"/>
</kw>
<kw name="Element Text Should Be" owner="SeleniumLibrary">
<msg time="2024-07-12T00:26:12.654540" level="INFO">Verifying element '//input[@id="1"]/..//span[contains(text(),'Register')]' contains exact text 'Register'.</msg>
<arg>locator=//input[@id="${index}"]/..//span[contains(text(),'${taskName}')]</arg>
<arg>expected=${taskName}</arg>
<doc>Verifies that element ``locator`` contains exact the text ``expected``.</doc>
<status status="PASS" start="2024-07-12T00:26:12.654064" elapsed="0.014975"/>
</kw>
<var name="${taskName}">Register</var>
<status status="PASS" start="2024-07-12T00:26:12.652539" elapsed="0.016999"/>
</iter>
<iter>
<kw name="Evaluate" owner="BuiltIn">
<msg time="2024-07-12T00:26:12.670538" level="INFO">${index} = 2</msg>
<var>${index}</var>
<arg>${index} + 1</arg>
<doc>Evaluates the given expression in Python and returns the result.</doc>
<status status="PASS" start="2024-07-12T00:26:12.670038" elapsed="0.000500"/>
</kw>
<kw name="Log" owner="BuiltIn">
<msg time="2024-07-12T00:26:12.671537" level="INFO">Login</msg>
<arg>${taskName}</arg>
<doc>Logs the given message with the given level.</doc>
<status status="PASS" start="2024-07-12T00:26:12.671037" elapsed="0.000500"/>
</kw>
<kw name="Element Text Should Be" owner="SeleniumLibrary">
<msg time="2024-07-12T00:26:12.672037" level="INFO">Verifying element '//input[@id="2"]/..//span[contains(text(),'Login')]' contains exact text 'Login'.</msg>
<arg>locator=//input[@id="${index}"]/..//span[contains(text(),'${taskName}')]</arg>
<arg>expected=${taskName}</arg>
<doc>Verifies that element ``locator`` contains exact the text ``expected``.</doc>
<status status="PASS" start="2024-07-12T00:26:12.671537" elapsed="0.010000"/>
</kw>
<var name="${taskName}">Login</var>
<status status="PASS" start="2024-07-12T00:26:12.669538" elapsed="0.011999"/>
</iter>
<var>${taskName}</var>
<value>@{expectedList}</value>
<status status="PASS" start="2024-07-12T00:26:12.652539" elapsed="0.028998"/>
</for>
<arg>expectedList=${expectedList}</arg>
<doc>Verify task added on TO DO LIST</doc>
<status status="PASS" start="2024-07-12T00:26:12.627539" elapsed="0.054498"/>
</kw>
<kw name="Click Button Delete Item" owner="TodoListComponent">
<kw name="Wait Until Element Is Enabled" owner="SeleniumLibrary">
<arg>locator=//button[@id="${index}"]</arg>
<doc>Waits until the element ``locator`` is enabled.</doc>
<status status="PASS" start="2024-07-12T00:26:12.682537" elapsed="0.011504"/>
</kw>
<kw name="Click Button" owner="SeleniumLibrary">
<msg time="2024-07-12T00:26:12.694541" level="INFO">Clicking button '//button[@id="2"]'.</msg>
<arg>locator=//button[@id="${index}"]</arg>
<doc>Clicks the button identified by ``locator``.</doc>
<status status="PASS" start="2024-07-12T00:26:12.694041" elapsed="0.032006"/>
</kw>
<arg>index=2</arg>
<doc>Click Button for Delete Item</doc>
<status status="PASS" start="2024-07-12T00:26:12.682037" elapsed="0.044010"/>
</kw>
<kw name="Verify ToDoTask" owner="TodoListTestStep">
<kw name="Switch Tab" owner="TodoListTestStep">
<if>
<branch type="IF" condition="'${Name}'=='ADD_ITEM'">
<kw name="Click Element" owner="SeleniumLibrary">
<arg>//a[@href="#add-item"]//span[@data-upgraded=",MaterialRipple"]</arg>
<doc>Click the element identified by ``locator``.</doc>
<status status="NOT RUN" start="2024-07-12T00:26:12.727547" elapsed="0.000500"/>
</kw>
<status status="NOT RUN" start="2024-07-12T00:26:12.727547" elapsed="0.000500"/>
</branch>
<branch type="ELSE IF" condition="'${Name}'=='TO_DO_TASKS'">
<kw name="Click Element" owner="SeleniumLibrary">
<msg time="2024-07-12T00:26:12.728047" level="INFO">Clicking element '//a[@href="#todo"]//span[@data-upgraded=",MaterialRipple"]'.</msg>
<arg>//a[@href="#todo"]//span[@data-upgraded=",MaterialRipple"]</arg>
<doc>Click the element identified by ``locator``.</doc>
<status status="PASS" start="2024-07-12T00:26:12.728047" elapsed="0.019500"/>
</kw>
<status status="PASS" start="2024-07-12T00:26:12.728047" elapsed="0.020000"/>
</branch>
<branch type="ELSE IF" condition="'${Name}'=='COMPLETED'">
<kw name="Click Element" owner="SeleniumLibrary">
<arg>//a[@href="#completed"]//span[@data-upgraded=",MaterialRipple"]</arg>
<doc>Click the element identified by ``locator``.</doc>
<status status="NOT RUN" start="2024-07-12T00:26:12.748047" elapsed="0.000000"/>
</kw>
<status status="NOT RUN" start="2024-07-12T00:26:12.748047" elapsed="0.000500"/>
</branch>
<status status="PASS" start="2024-07-12T00:26:12.727547" elapsed="0.021000"/>
</if>
<arg>Name=TO_DO_TASKS</arg>
<doc>-  ADD ITEM Tab      -&gt; Switch Tab    Name=ADD_ITEM
-  TO DO TASKS  Tab  -&gt; Switch Tab    Name=TO_DO_TASKS
-  TO COMPLETED Tab  -&gt; Switch Tab    Name=COMPLETED</doc>
<status status="PASS" start="2024-07-12T00:26:12.727547" elapsed="0.021000"/>
</kw>
<kw name="Evaluate" owner="BuiltIn">
<msg time="2024-07-12T00:26:12.748547" level="INFO">${index} = 0</msg>
<var>${index}</var>
<arg>0</arg>
<doc>Evaluates the given expression in Python and returns the result.</doc>
<status status="PASS" start="2024-07-12T00:26:12.748547" elapsed="0.000500"/>
</kw>
<for flavor="IN">
<iter>
<kw name="Evaluate" owner="BuiltIn">
<msg time="2024-07-12T00:26:12.749548" level="INFO">${index} = 1</msg>
<var>${index}</var>
<arg>${index} + 1</arg>
<doc>Evaluates the given expression in Python and returns the result.</doc>
<status status="PASS" start="2024-07-12T00:26:12.749548" elapsed="0.000000"/>
</kw>
<kw name="Log" owner="BuiltIn">
<msg time="2024-07-12T00:26:12.750047" level="INFO">Register</msg>
<arg>${taskName}</arg>
<doc>Logs the given message with the given level.</doc>
<status status="PASS" start="2024-07-12T00:26:12.749548" elapsed="0.000499"/>
</kw>
<kw name="Element Text Should Be" owner="SeleniumLibrary">
<msg time="2024-07-12T00:26:12.750548" level="INFO">Verifying element '//input[@id="1"]/..//span[contains(text(),'Register')]' contains exact text 'Register'.</msg>
<arg>locator=//input[@id="${index}"]/..//span[contains(text(),'${taskName}')]</arg>
<arg>expected=${taskName}</arg>
<doc>Verifies that element ``locator`` contains exact the text ``expected``.</doc>
<status status="PASS" start="2024-07-12T00:26:12.750047" elapsed="0.009000"/>
</kw>
<var name="${taskName}">Register</var>
<status status="PASS" start="2024-07-12T00:26:12.749047" elapsed="0.010501"/>
</iter>
<var>${taskName}</var>
<value>@{expectedList}</value>
<status status="PASS" start="2024-07-12T00:26:12.749047" elapsed="0.010501"/>
</for>
<arg>expectedList=${expectedDoneList}</arg>
<doc>Verify task added on TO DO LIST</doc>
<status status="PASS" start="2024-07-12T00:26:12.727047" elapsed="0.032501"/>
</kw>
<kw name="To Done Task" owner="TodoListTestStep">
<for flavor="IN">
<iter>
<kw name="Log" owner="BuiltIn">
<msg time="2024-07-12T00:26:12.783048" level="INFO">Register</msg>
<arg>${taskName}</arg>
<doc>Logs the given message with the given level.</doc>
<status status="PASS" start="2024-07-12T00:26:12.783048" elapsed="0.000499"/>
</kw>
<kw name="Click Element" owner="SeleniumLibrary">
<msg time="2024-07-12T00:26:12.784048" level="INFO">Clicking element '//label[@for="1"]'.</msg>
<arg>locator=//label[@for="1"]</arg>
<doc>Click the element identified by ``locator``.</doc>
<status status="PASS" start="2024-07-12T00:26:12.783547" elapsed="0.027013"/>
</kw>
<kw name="Element Should Not Be Visible" owner="SeleniumLibrary">
<msg time="2024-07-12T00:26:12.825059" level="INFO">Element '//span[@class='mdl-list__item-primary-content' and contains(text(), 'Register')]' exists but is not displayed.</msg>
<arg>locator=//span[@class='mdl-list__item-primary-content' and contains(text(), '${taskName}')]</arg>
<doc>Verifies that the element identified by ``locator`` is NOT visible.</doc>
<status status="PASS" start="2024-07-12T00:26:12.811059" elapsed="0.014000"/>
</kw>
<var name="${taskName}">Register</var>
<status status="PASS" start="2024-07-12T00:26:12.783048" elapsed="0.042011"/>
</iter>
<var>${taskName}</var>
<value>@{expectedDoneList}</value>
<status status="PASS" start="2024-07-12T00:26:12.783048" elapsed="0.042011"/>
</for>
<arg>expectedDoneList=${expectedDoneList}</arg>
<doc>Verify task added on TO DO LIST</doc>
<status status="PASS" start="2024-07-12T00:26:12.782548" elapsed="0.043012"/>
</kw>
<kw name="Verify Completed" owner="TodoListTestStep">
<kw name="Switch Tab" owner="TodoListTestStep">
<if>
<branch type="IF" condition="'${Name}'=='ADD_ITEM'">
<kw name="Click Element" owner="SeleniumLibrary">
<arg>//a[@href="#add-item"]//span[@data-upgraded=",MaterialRipple"]</arg>
<doc>Click the element identified by ``locator``.</doc>
<status status="NOT RUN" start="2024-07-12T00:26:12.828059" elapsed="0.000000"/>
</kw>
<status status="NOT RUN" start="2024-07-12T00:26:12.827560" elapsed="0.000499"/>
</branch>
<branch type="ELSE IF" condition="'${Name}'=='TO_DO_TASKS'">
<kw name="Click Element" owner="SeleniumLibrary">
<arg>//a[@href="#todo"]//span[@data-upgraded=",MaterialRipple"]</arg>
<doc>Click the element identified by ``locator``.</doc>
<status status="NOT RUN" start="2024-07-12T00:26:12.828059" elapsed="0.000500"/>
</kw>
<status status="NOT RUN" start="2024-07-12T00:26:12.828059" elapsed="0.000500"/>
</branch>
<branch type="ELSE IF" condition="'${Name}'=='COMPLETED'">
<kw name="Click Element" owner="SeleniumLibrary">
<msg time="2024-07-12T00:26:12.829060" level="INFO">Clicking element '//a[@href="#completed"]//span[@data-upgraded=",MaterialRipple"]'.</msg>
<arg>//a[@href="#completed"]//span[@data-upgraded=",MaterialRipple"]</arg>
<doc>Click the element identified by ``locator``.</doc>
<status status="PASS" start="2024-07-12T00:26:12.828559" elapsed="0.027501"/>
</kw>
<status status="PASS" start="2024-07-12T00:26:12.828559" elapsed="0.027501"/>
</branch>
<status status="PASS" start="2024-07-12T00:26:12.827560" elapsed="0.028500"/>
</if>
<arg>Name=COMPLETED</arg>
<doc>-  ADD ITEM Tab      -&gt; Switch Tab    Name=ADD_ITEM
-  TO DO TASKS  Tab  -&gt; Switch Tab    Name=TO_DO_TASKS
-  TO COMPLETED Tab  -&gt; Switch Tab    Name=COMPLETED</doc>
<status status="PASS" start="2024-07-12T00:26:12.827560" elapsed="0.028500"/>
</kw>
<kw name="Evaluate" owner="BuiltIn">
<msg time="2024-07-12T00:26:12.856559" level="INFO">${index} = 0</msg>
<var>${index}</var>
<arg>0</arg>
<doc>Evaluates the given expression in Python and returns the result.</doc>
<status status="PASS" start="2024-07-12T00:26:12.856559" elapsed="0.000500"/>
</kw>
<for flavor="IN">
<iter>
<kw name="Evaluate" owner="BuiltIn">
<msg time="2024-07-12T00:26:12.857559" level="INFO">${index} = 1</msg>
<var>${index}</var>
<arg>${index} + 1</arg>
<doc>Evaluates the given expression in Python and returns the result.</doc>
<status status="PASS" start="2024-07-12T00:26:12.857559" elapsed="0.000000"/>
</kw>
<kw name="Log" owner="BuiltIn">
<msg time="2024-07-12T00:26:12.858059" level="INFO">Register</msg>
<arg>${taskName}</arg>
<doc>Logs the given message with the given level.</doc>
<status status="PASS" start="2024-07-12T00:26:12.858059" elapsed="0.000000"/>
</kw>
<kw name="Element Text Should Be" owner="SeleniumLibrary">
<msg time="2024-07-12T00:26:12.858559" level="INFO">Verifying element '//span[@class='mdl-list__item-primary-content' and contains(text(), 'Register')]' contains exact text 'doneRegister'.</msg>
<arg>locator=//span[@class='mdl-list__item-primary-content' and contains(text(), '${taskName}')]</arg>
<arg>expected=done${taskName}</arg>
<doc>Verifies that element ``locator`` contains exact the text ``expected``.</doc>
<status status="PASS" start="2024-07-12T00:26:12.858059" elapsed="0.008000"/>
</kw>
<var name="${taskName}">Register</var>
<status status="PASS" start="2024-07-12T00:26:12.857059" elapsed="0.009000"/>
</iter>
<var>${taskName}</var>
<value>@{expectedDoneList}</value>
<status status="PASS" start="2024-07-12T00:26:12.857059" elapsed="0.009500"/>
</for>
<arg>expectedDoneList=${expectedDoneList}</arg>
<doc>Verify Completed List from To Done List</doc>
<status status="PASS" start="2024-07-12T00:26:12.827060" elapsed="0.039499"/>
</kw>
<kw name="Close Browser" owner="SeleniumLibrary" type="TEARDOWN">
<doc>Closes the current browser.</doc>
<status status="PASS" start="2024-07-12T00:26:12.866559" elapsed="2.083197"/>
</kw>
<doc>Customer create 2 tasks, ToDoList: task 2 deleted.</doc>
<status status="PASS" start="2024-07-12T00:26:10.675851" elapsed="4.273905"/>
</test>
<test id="s1-s1-s1-t4" name="TC_Create_1_Tasks_Delete_1_Task_Success" line="60">
<kw name="Open Web Browser" owner="TodoListTestStep" type="SETUP">
<kw name="Open Browser" owner="SeleniumLibrary">
<msg time="2024-07-12T00:26:14.951757" level="INFO">Opening browser 'chrome' to base url 'https://abhigyank.github.io/To-Do-List/'.</msg>
<arg>url=${URL}</arg>
<arg>browser=chrome</arg>
<doc>Opens a new browser instance to the optional ``url``.</doc>
<status status="PASS" start="2024-07-12T00:26:14.951757" elapsed="1.604356"/>
</kw>
<kw name="Maximize Browser Window" owner="SeleniumLibrary">
<doc>Maximizes current browser window.</doc>
<status status="PASS" start="2024-07-12T00:26:16.556113" elapsed="0.023500"/>
</kw>
<arg>${URL_WEB_TESTING}</arg>
<doc>Open Browser following URL</doc>
<status status="PASS" start="2024-07-12T00:26:14.951258" elapsed="1.628854"/>
</kw>
<variable name="@{expectedList}">
<var>${TASK1}</var>
<status status="PASS" start="2024-07-12T00:26:16.580112" elapsed="0.000000"/>
</variable>
<kw name="Create Item" owner="TodoListTestStep">
<for flavor="IN">
<iter>
<kw name="Input ItemName" owner="TodoListComponent">
<kw name="Wait Until Element Is Enabled" owner="SeleniumLibrary">
<arg>locator=//input[@id="new-task"]</arg>
<doc>Waits until the element ``locator`` is enabled.</doc>
<status status="PASS" start="2024-07-12T00:26:16.582113" elapsed="0.015504"/>
</kw>
<kw name="Input Text" owner="SeleniumLibrary">
<msg time="2024-07-12T00:26:16.598117" level="INFO">Typing text 'Register' into text field '//input[@id="new-task"]'.</msg>
<arg>locator=//input[@id="new-task"]</arg>
<arg>text=${Name}</arg>
<doc>Types the given ``text`` into the text field identified by ``locator``.</doc>
<status status="PASS" start="2024-07-12T00:26:16.597617" elapsed="0.059518"/>
</kw>
<arg>${taskName}</arg>
<doc>Input to textfield 'ItemName'</doc>
<status status="PASS" start="2024-07-12T00:26:16.582113" elapsed="0.075022"/>
</kw>
<kw name="Click Button Create Item" owner="TodoListComponent">
<kw name="Wait Until Element Is Enabled" owner="SeleniumLibrary">
<arg>locator=//button[@data-upgraded=",MaterialButton"]</arg>
<doc>Waits until the element ``locator`` is enabled.</doc>
<status status="PASS" start="2024-07-12T00:26:16.657627" elapsed="0.012500"/>
</kw>
<kw name="Click Button" owner="SeleniumLibrary">
<msg time="2024-07-12T00:26:16.670627" level="INFO">Clicking button '//button[@data-upgraded=",MaterialButton"]'.</msg>
<arg>locator=//button[@data-upgraded=",MaterialButton"]</arg>
<doc>Clicks the button identified by ``locator``.</doc>
<status status="PASS" start="2024-07-12T00:26:16.670627" elapsed="0.028506"/>
</kw>
<doc>Click Button for Add item to 'To Do List'</doc>
<status status="PASS" start="2024-07-12T00:26:16.657135" elapsed="0.041998"/>
</kw>
<var name="${taskName}">Register</var>
<status status="PASS" start="2024-07-12T00:26:16.582113" elapsed="0.117020"/>
</iter>
<var>${taskName}</var>
<value>@{itemList}</value>
<status status="PASS" start="2024-07-12T00:26:16.581112" elapsed="0.118021"/>
</for>
<arg>itemList=${expectedList}</arg>
<doc>Add task to TO DO LIST</doc>
<status status="PASS" start="2024-07-12T00:26:16.580613" elapsed="0.118520"/>
</kw>
<kw name="Verify ToDoTask" owner="TodoListTestStep">
<kw name="Switch Tab" owner="TodoListTestStep">
<if>
<branch type="IF" condition="'${Name}'=='ADD_ITEM'">
<kw name="Click Element" owner="SeleniumLibrary">
<arg>//a[@href="#add-item"]//span[@data-upgraded=",MaterialRipple"]</arg>
<doc>Click the element identified by ``locator``.</doc>
<status status="NOT RUN" start="2024-07-12T00:26:16.700133" elapsed="0.000500"/>
</kw>
<status status="NOT RUN" start="2024-07-12T00:26:16.700133" elapsed="0.000500"/>
</branch>
<branch type="ELSE IF" condition="'${Name}'=='TO_DO_TASKS'">
<kw name="Click Element" owner="SeleniumLibrary">
<msg time="2024-07-12T00:26:16.700633" level="INFO">Clicking element '//a[@href="#todo"]//span[@data-upgraded=",MaterialRipple"]'.</msg>
<arg>//a[@href="#todo"]//span[@data-upgraded=",MaterialRipple"]</arg>
<doc>Click the element identified by ``locator``.</doc>
<status status="PASS" start="2024-07-12T00:26:16.700633" elapsed="0.025012"/>
</kw>
<status status="PASS" start="2024-07-12T00:26:16.700633" elapsed="0.025012"/>
</branch>
<branch type="ELSE IF" condition="'${Name}'=='COMPLETED'">
<kw name="Click Element" owner="SeleniumLibrary">
<arg>//a[@href="#completed"]//span[@data-upgraded=",MaterialRipple"]</arg>
<doc>Click the element identified by ``locator``.</doc>
<status status="NOT RUN" start="2024-07-12T00:26:16.726145" elapsed="0.000000"/>
</kw>
<status status="NOT RUN" start="2024-07-12T00:26:16.725645" elapsed="0.000500"/>
</branch>
<status status="PASS" start="2024-07-12T00:26:16.700133" elapsed="0.026012"/>
</if>
<arg>Name=TO_DO_TASKS</arg>
<doc>-  ADD ITEM Tab      -&gt; Switch Tab    Name=ADD_ITEM
-  TO DO TASKS  Tab  -&gt; Switch Tab    Name=TO_DO_TASKS
-  TO COMPLETED Tab  -&gt; Switch Tab    Name=COMPLETED</doc>
<status status="PASS" start="2024-07-12T00:26:16.700133" elapsed="0.026012"/>
</kw>
<kw name="Evaluate" owner="BuiltIn">
<msg time="2024-07-12T00:26:16.726644" level="INFO">${index} = 0</msg>
<var>${index}</var>
<arg>0</arg>
<doc>Evaluates the given expression in Python and returns the result.</doc>
<status status="PASS" start="2024-07-12T00:26:16.726145" elapsed="0.000499"/>
</kw>
<for flavor="IN">
<iter>
<kw name="Evaluate" owner="BuiltIn">
<msg time="2024-07-12T00:26:16.727144" level="INFO">${index} = 1</msg>
<var>${index}</var>
<arg>${index} + 1</arg>
<doc>Evaluates the given expression in Python and returns the result.</doc>
<status status="PASS" start="2024-07-12T00:26:16.727144" elapsed="0.000500"/>
</kw>
<kw name="Log" owner="BuiltIn">
<msg time="2024-07-12T00:26:16.727644" level="INFO">Register</msg>
<arg>${taskName}</arg>
<doc>Logs the given message with the given level.</doc>
<status status="PASS" start="2024-07-12T00:26:16.727644" elapsed="0.000000"/>
</kw>
<kw name="Element Text Should Be" owner="SeleniumLibrary">
<msg time="2024-07-12T00:26:16.728144" level="INFO">Verifying element '//input[@id="1"]/..//span[contains(text(),'Register')]' contains exact text 'Register'.</msg>
<arg>locator=//input[@id="${index}"]/..//span[contains(text(),'${taskName}')]</arg>
<arg>expected=${taskName}</arg>
<doc>Verifies that element ``locator`` contains exact the text ``expected``.</doc>
<status status="PASS" start="2024-07-12T00:26:16.728144" elapsed="0.015000"/>
</kw>
<var name="${taskName}">Register</var>
<status status="PASS" start="2024-07-12T00:26:16.727144" elapsed="0.016500"/>
</iter>
<var>${taskName}</var>
<value>@{expectedList}</value>
<status status="PASS" start="2024-07-12T00:26:16.726644" elapsed="0.017000"/>
</for>
<arg>expectedList=${expectedList}</arg>
<doc>Verify task added on TO DO LIST</doc>
<status status="PASS" start="2024-07-12T00:26:16.699633" elapsed="0.044011"/>
</kw>
<kw name="Click Button Delete Item" owner="TodoListComponent">
<kw name="Wait Until Element Is Enabled" owner="SeleniumLibrary">
<arg>locator=//button[@id="${index}"]</arg>
<doc>Waits until the element ``locator`` is enabled.</doc>
<status status="PASS" start="2024-07-12T00:26:16.744646" elapsed="0.012499"/>
</kw>
<kw name="Click Button" owner="SeleniumLibrary">
<msg time="2024-07-12T00:26:16.757645" level="INFO">Clicking button '//button[@id="1"]'.</msg>
<arg>locator=//button[@id="${index}"]</arg>
<doc>Clicks the button identified by ``locator``.</doc>
<status status="PASS" start="2024-07-12T00:26:16.757145" elapsed="0.030156"/>
</kw>
<doc>Click Button for Delete Item</doc>
<status status="PASS" start="2024-07-12T00:26:16.744145" elapsed="0.043655"/>
</kw>
<kw name="Verify Empty List ToDoTask Tab" owner="TodoListTestStep">
<kw name="Element Should Not Be Visible" owner="SeleniumLibrary">
<msg time="2024-07-12T00:26:16.794301" level="INFO">Element '//ul[@id="incomplete-tasks"]//li' did not exist.</msg>
<arg>//ul[@id="incomplete-tasks"]//li</arg>
<doc>Verifies that the element identified by ``locator`` is NOT visible.</doc>
<status status="PASS" start="2024-07-12T00:26:16.788302" elapsed="0.005999"/>
</kw>
<doc>Verify Empty List ToDoTask</doc>
<status status="PASS" start="2024-07-12T00:26:16.787800" elapsed="0.006501"/>
</kw>
<kw name="Verify Empty List Completed Tab" owner="TodoListTestStep">
<kw name="Element Should Not Be Visible" owner="SeleniumLibrary">
<msg time="2024-07-12T00:26:16.801304" level="INFO">Element '//li[@class="mdl-list"]' did not exist.</msg>
<arg>//li[@class="mdl-list"]</arg>
<doc>Verifies that the element identified by ``locator`` is NOT visible.</doc>
<status status="PASS" start="2024-07-12T00:26:16.795305" elapsed="0.005999"/>
</kw>
<doc>Verify Empty List on Completed Tab</doc>
<status status="PASS" start="2024-07-12T00:26:16.794800" elapsed="0.006504"/>
</kw>
<kw name="Close Browser" owner="SeleniumLibrary" type="TEARDOWN">
<doc>Closes the current browser.</doc>
<status status="PASS" start="2024-07-12T00:26:16.801805" elapsed="2.073525"/>
</kw>
<doc>Customer create 1 tasks, 1 task deleted.</doc>
<status status="PASS" start="2024-07-12T00:26:14.950757" elapsed="3.925573"/>
</test>
<test id="s1-s1-s1-t5" name="TC_Input_Tasks_itemName_isNotEMPTY" line="72">
<kw name="Open Web Browser" owner="TodoListTestStep" type="SETUP">
<kw name="Open Browser" owner="SeleniumLibrary">
<msg time="2024-07-12T00:26:18.879830" level="INFO">Opening browser 'chrome' to base url 'https://abhigyank.github.io/To-Do-List/'.</msg>
<arg>url=${URL}</arg>
<arg>browser=chrome</arg>
<doc>Opens a new browser instance to the optional ``url``.</doc>
<status status="PASS" start="2024-07-12T00:26:18.879830" elapsed="1.663431"/>
</kw>
<kw name="Maximize Browser Window" owner="SeleniumLibrary">
<doc>Maximizes current browser window.</doc>
<status status="PASS" start="2024-07-12T00:26:20.543759" elapsed="0.019197"/>
</kw>
<arg>${URL_WEB_TESTING}</arg>
<doc>Open Browser following URL</doc>
<status status="PASS" start="2024-07-12T00:26:18.879330" elapsed="1.684126"/>
</kw>
<kw name="Input ItemName" owner="TodoListComponent">
<kw name="Wait Until Element Is Enabled" owner="SeleniumLibrary">
<arg>locator=//input[@id="new-task"]</arg>
<doc>Waits until the element ``locator`` is enabled.</doc>
<status status="PASS" start="2024-07-12T00:26:20.564456" elapsed="0.015499"/>
</kw>
<kw name="Input Text" owner="SeleniumLibrary">
<msg time="2024-07-12T00:26:20.580458" level="INFO">Typing text '' into text field '//input[@id="new-task"]'.</msg>
<arg>locator=//input[@id="new-task"]</arg>
<arg>text=${Name}</arg>
<doc>Types the given ``text`` into the text field identified by ``locator``.</doc>
<status status="PASS" start="2024-07-12T00:26:20.580458" elapsed="0.042507"/>
</kw>
<doc>Input to textfield 'ItemName'</doc>
<status status="PASS" start="2024-07-12T00:26:20.563956" elapsed="0.059009"/>
</kw>
<kw name="Verify Empty List ToDoTask Tab" owner="TodoListTestStep">
<kw name="Element Should Not Be Visible" owner="SeleniumLibrary">
<msg time="2024-07-12T00:26:20.628464" level="INFO">Element '//ul[@id="incomplete-tasks"]//li' did not exist.</msg>
<arg>//ul[@id="incomplete-tasks"]//li</arg>
<doc>Verifies that the element identified by ``locator`` is NOT visible.</doc>
<status status="PASS" start="2024-07-12T00:26:20.623464" elapsed="0.005500"/>
</kw>
<doc>Verify Empty List ToDoTask</doc>
<status status="PASS" start="2024-07-12T00:26:20.623464" elapsed="0.005500"/>
</kw>
<kw name="Verify Empty List Completed Tab" owner="TodoListTestStep">
<kw name="Element Should Not Be Visible" owner="SeleniumLibrary">
<msg time="2024-07-12T00:26:20.633964" level="INFO">Element '//li[@class="mdl-list"]' did not exist.</msg>
<arg>//li[@class="mdl-list"]</arg>
<doc>Verifies that the element identified by ``locator`` is NOT visible.</doc>
<status status="PASS" start="2024-07-12T00:26:20.629465" elapsed="0.004999"/>
</kw>
<doc>Verify Empty List on Completed Tab</doc>
<status status="PASS" start="2024-07-12T00:26:20.629465" elapsed="0.004999"/>
</kw>
<kw name="Close Browser" owner="SeleniumLibrary" type="TEARDOWN">
<doc>Closes the current browser.</doc>
<status status="PASS" start="2024-07-12T00:26:20.634464" elapsed="2.067918"/>
</kw>
<doc>Customer input field itemName &lt;&gt; EMPTY, task completed = EMPTY</doc>
<status status="PASS" start="2024-07-12T00:26:18.879330" elapsed="3.823052"/>
</test>
<test id="s1-s1-s1-t6" name="TC_Input_Tasks_itemName_isEMPTY" line="78">
<kw name="Open Web Browser" owner="TodoListTestStep" type="SETUP">
<kw name="Open Browser" owner="SeleniumLibrary">
<msg time="2024-07-12T00:26:22.704382" level="INFO">Opening browser 'chrome' to base url 'https://abhigyank.github.io/To-Do-List/'.</msg>
<arg>url=${URL}</arg>
<arg>browser=chrome</arg>
<doc>Opens a new browser instance to the optional ``url``.</doc>
<status status="PASS" start="2024-07-12T00:26:22.703882" elapsed="1.645133"/>
</kw>
<kw name="Maximize Browser Window" owner="SeleniumLibrary">
<doc>Maximizes current browser window.</doc>
<status status="PASS" start="2024-07-12T00:26:24.349515" elapsed="0.024095"/>
</kw>
<arg>${URL_WEB_TESTING}</arg>
<doc>Open Browser following URL</doc>
<status status="PASS" start="2024-07-12T00:26:22.703882" elapsed="1.669728"/>
</kw>
<kw name="Verify Empty List ToDoTask Tab" owner="TodoListTestStep">
<kw name="Element Should Not Be Visible" owner="SeleniumLibrary">
<msg time="2024-07-12T00:26:24.380109" level="INFO">Element '//ul[@id="incomplete-tasks"]//li' did not exist.</msg>
<arg>//ul[@id="incomplete-tasks"]//li</arg>
<doc>Verifies that the element identified by ``locator`` is NOT visible.</doc>
<status status="PASS" start="2024-07-12T00:26:24.374109" elapsed="0.006501"/>
</kw>
<doc>Verify Empty List ToDoTask</doc>
<status status="PASS" start="2024-07-12T00:26:24.374109" elapsed="0.006501"/>
</kw>
<kw name="Verify Empty List Completed Tab" owner="TodoListTestStep">
<kw name="Element Should Not Be Visible" owner="SeleniumLibrary">
<msg time="2024-07-12T00:26:24.387110" level="INFO">Element '//li[@class="mdl-list"]' did not exist.</msg>
<arg>//li[@class="mdl-list"]</arg>
<doc>Verifies that the element identified by ``locator`` is NOT visible.</doc>
<status status="PASS" start="2024-07-12T00:26:24.381110" elapsed="0.007000"/>
</kw>
<doc>Verify Empty List on Completed Tab</doc>
<status status="PASS" start="2024-07-12T00:26:24.381110" elapsed="0.007000"/>
</kw>
<kw name="Close Browser" owner="SeleniumLibrary" type="TEARDOWN">
<doc>Closes the current browser.</doc>
<status status="PASS" start="2024-07-12T00:26:24.388609" elapsed="2.066198"/>
</kw>
<doc>Customer input field itemName = EMPTY, task completed = EMPTY</doc>
<status status="PASS" start="2024-07-12T00:26:22.703381" elapsed="3.751927"/>
</test>
<test id="s1-s1-s1-t7" name="TC_Create_Tasks_itemName_isEMPTY" line="83">
<kw name="Open Web Browser" owner="TodoListTestStep" type="SETUP">
<kw name="Open Browser" owner="SeleniumLibrary">
<msg time="2024-07-12T00:26:26.457309" level="INFO">Opening browser 'chrome' to base url 'https://abhigyank.github.io/To-Do-List/'.</msg>
<arg>url=${URL}</arg>
<arg>browser=chrome</arg>
<doc>Opens a new browser instance to the optional ``url``.</doc>
<status status="PASS" start="2024-07-12T00:26:26.457309" elapsed="1.634688"/>
</kw>
<kw name="Maximize Browser Window" owner="SeleniumLibrary">
<doc>Maximizes current browser window.</doc>
<status status="PASS" start="2024-07-12T00:26:28.092497" elapsed="0.018004"/>
</kw>
<arg>${URL_WEB_TESTING}</arg>
<doc>Open Browser following URL</doc>
<status status="PASS" start="2024-07-12T00:26:26.456808" elapsed="1.653693"/>
</kw>
<kw name="Click Button Create Item" owner="TodoListComponent">
<kw name="Wait Until Element Is Enabled" owner="SeleniumLibrary">
<arg>locator=//button[@data-upgraded=",MaterialButton"]</arg>
<doc>Waits until the element ``locator`` is enabled.</doc>
<status status="PASS" start="2024-07-12T00:26:28.111001" elapsed="0.017006"/>
</kw>
<kw name="Click Button" owner="SeleniumLibrary">
<msg time="2024-07-12T00:26:28.129007" level="INFO">Clicking button '//button[@data-upgraded=",MaterialButton"]'.</msg>
<arg>locator=//button[@data-upgraded=",MaterialButton"]</arg>
<doc>Clicks the button identified by ``locator``.</doc>
<status status="PASS" start="2024-07-12T00:26:28.128507" elapsed="0.031500"/>
</kw>
<doc>Click Button for Add item to 'To Do List'</doc>
<status status="PASS" start="2024-07-12T00:26:28.110501" elapsed="0.049506"/>
</kw>
<kw name="Verify Empty List ToDoTask Tab" owner="TodoListTestStep">
<kw name="Element Should Not Be Visible" owner="SeleniumLibrary">
<msg time="2024-07-12T00:26:28.166007" level="INFO">Element '//ul[@id="incomplete-tasks"]//li' did not exist.</msg>
<arg>//ul[@id="incomplete-tasks"]//li</arg>
<doc>Verifies that the element identified by ``locator`` is NOT visible.</doc>
<status status="PASS" start="2024-07-12T00:26:28.161007" elapsed="0.005500"/>
</kw>
<doc>Verify Empty List ToDoTask</doc>
<status status="PASS" start="2024-07-12T00:26:28.160508" elapsed="0.005999"/>
</kw>
<kw name="Verify Empty List Completed Tab" owner="TodoListTestStep">
<kw name="Element Should Not Be Visible" owner="SeleniumLibrary">
<msg time="2024-07-12T00:26:28.173007" level="INFO">Element '//li[@class="mdl-list"]' did not exist.</msg>
<arg>//li[@class="mdl-list"]</arg>
<doc>Verifies that the element identified by ``locator`` is NOT visible.</doc>
<status status="PASS" start="2024-07-12T00:26:28.167007" elapsed="0.006000"/>
</kw>
<doc>Verify Empty List on Completed Tab</doc>
<status status="PASS" start="2024-07-12T00:26:28.166507" elapsed="0.007000"/>
</kw>
<kw name="Close Browser" owner="SeleniumLibrary" type="TEARDOWN">
<doc>Closes the current browser.</doc>
<status status="PASS" start="2024-07-12T00:26:28.173507" elapsed="2.064668"/>
</kw>
<doc>Customer create task itemName = EMPTY, task completed = EMPTY</doc>
<status status="PASS" start="2024-07-12T00:26:26.456308" elapsed="3.781867"/>
</test>
<doc>Component Test Suite</doc>
<status status="PASS" start="2024-07-12T00:26:02.026486" elapsed="28.214690"/>
</suite>
<status status="PASS" start="2024-07-12T00:26:02.024987" elapsed="28.218689"/>
</suite>
<status status="PASS" start="2024-07-12T00:26:02.012486" elapsed="28.234189"/>
</suite>
<statistics>
<total>
<stat pass="7" fail="0" skip="0">All Tests</stat>
</total>
<tag>
</tag>
<suite>
<stat pass="7" fail="0" skip="0" id="s1" name="QA Quiz2">QA Quiz2</stat>
<stat pass="7" fail="0" skip="0" id="s1-s1" name="Testsuite">QA Quiz2.Testsuite</stat>
<stat pass="7" fail="0" skip="0" id="s1-s1-s1" name="Quiz2 TodoList Testcases">QA Quiz2.Testsuite.Quiz2 TodoList Testcases</stat>
</suite>
</statistics>
<errors>
</errors>
</robot>
